2018-08-28 14:10:49,805 - yourname - INFO - b'6279746561727261792862275c7830315c7830315c7830302729'
2018-08-28 14:46:44,043 - yourname - INFO - com1 open fail<<<
2018-08-28 14:51:24,523 - yourname - INFO - com1 open fail<<<
2018-08-28 15:03:43,756 - yourname - INFO - com1 open fail<<<
2018-08-28 15:11:11,291 - yourname - INFO - com1 open fail<<<
2018-08-28 15:17:57,776 - yourname - INFO - com1 open fail<<<
2018-08-28 15:18:05,468 - yourname - INFO - com1 open fail<<<
2018-08-28 16:25:45,609 - SA - INFO - com1 open fail<<<
2018-08-28 17:23:46,258 - SA - INFO : com1 open fail<<<
2018-08-28 17:24:12,554 - SA - INFO : com1 open fail<<<
2018-08-28 17:24:20,565 - SA - INFO : com1 open fail<<<
2018-08-28 17:25:45,726 - SA - INFO : com1 open fail<<<
2018-08-28 17:26:50,315 - SA - INFO : com1 open fail<<<
2018-08-29 09:20:40,635 - SA - INFO : com1 open fail<<<
2018-08-29 09:20:49,394 - SA - INFO : com1 open fail<<<
2018-08-29 09:22:08,882 - SA - INFO : com1 open fail<<<
2018-08-29 09:22:16,327 - SA - INFO : com1 open fail<<<
2018-08-29 09:24:14,201 - SA - INFO : com1 open fail<<<
2018-08-29 09:25:11,734 - SA - INFO : com1 open fail<<<
2018-08-29 09:25:26,952 - SA - INFO : com1 open fail<<<
2018-08-29 09:25:35,237 - SA - INFO : com1 open fail<<<
2018-08-29 09:25:46,653 - SA - INFO : com1 open fail<<<
2018-08-29 09:28:36,323 - SA - INFO : com1 open fail<<<
2018-08-29 09:31:01,235 - SA - INFO : com1 open fail<<<
2018-08-29 09:31:22,308 - SA - INFO : com1 open fail<<<
2018-08-29 09:31:44,136 - SA - INFO : com1 open fail<<<
2018-08-29 09:31:55,396 - SA - INFO : com1 open fail<<<
2018-08-29 09:32:27,198 - SA - INFO : com1 open fail<<<
2018-08-29 09:34:28,383 - SA - INFO : com1 open fail<<<
2018-08-29 10:16:45,895 - SA - INFO : com1 open fail<<<
2018-08-29 10:17:02,000 - SA - INFO : com3 open success<<<
2018-08-29 10:37:02,020 - SA - INFO : com3 open success<<<
2018-08-29 11:54:00,560 - SA - INFO : com3 open fail<<<
2018-08-29 11:54:34,104 - SA - INFO : com3 open fail<<<
2018-08-29 11:55:12,951 - SA - INFO : com3 open fail<<<
2018-08-29 13:56:12,440 - SA - INFO : com3 open success<<<
2018-08-29 13:56:13,718 - SA - INFO : b'6279746561727261792862275c7830315c7830315c7830302729'
2018-08-29 13:57:00,765 - SA - INFO : com3 open success<<<
2018-08-29 13:57:03,332 - SA - INFO : b'6279746561727261792862275c7830315c7830315c7830302729'
2018-08-29 14:09:31,755 - SA - INFO : com3 open success<<<
2018-08-29 14:09:33,204 - SA - INFO : b'6279746561727261792862275c7830315c7830315c7830302729'
2018-08-29 14:09:34,205 - SA - INFO : b'6279746561727261792862275c7830315c783037546573744465762729'
2018-08-29 14:11:58,057 - SA - INFO : com3 open success<<<
2018-08-29 14:11:59,284 - SA - INFO : b"bytearray(b'\\x01\\x01\\x00')"
2018-08-29 14:12:00,286 - SA - INFO : b"bytearray(b'\\x01\\x07TestDev')"
2018-08-29 14:13:18,064 - SA - INFO : com3 open success<<<
2018-08-29 14:13:19,196 - SA - INFO : b'[1, 1, 0]'
2018-08-29 14:13:20,197 - SA - INFO : b"bytearray(b'\\x01\\x07TestDev')"
2018-08-29 14:21:27,704 - SA - INFO : com3 open success<<<
2018-08-29 14:21:28,556 - SA - INFO : b'[1, 1, 0]'
2018-08-29 14:21:29,557 - SA - INFO : b"bytearray(b'\\x01\\x07TestDev')"
2018-08-29 14:22:55,771 - SA - INFO : com3 open fail<<<
2018-08-29 14:23:06,293 - SA - INFO : com3 open success<<<
2018-08-29 14:23:07,233 - SA - INFO : b'[1, 1, 0]'
2018-08-29 14:23:08,234 - SA - INFO : b"bytearray(b'\\x01\\x07TestDev')"
2018-08-29 14:23:19,757 - SA - INFO : com3 open success<<<
2018-08-29 14:23:20,825 - SA - INFO : b'[1, 1, 0]'
2018-08-29 14:23:21,826 - SA - INFO : b"bytearray(b'\\x01\\x07TestDev')"
2018-08-29 14:28:46,940 - SA - INFO : com3 open success<<<
2018-08-29 14:29:40,221 - SA - INFO : com3 open success<<<
2018-08-29 14:29:41,497 - SA - INFO : b'[1, 1, 0]'
2018-08-29 14:29:42,499 - SA - INFO : b"bytearray(b'\\x01\\x07TestDev')"
2018-08-29 14:30:11,157 - SA - INFO : com3 open success<<<
2018-08-29 14:30:12,328 - SA - INFO : b'[1, 1, 0]'
2018-08-29 14:30:13,330 - SA - INFO : b"bytearray(b'\\x01\\x07TestDev')"
2018-08-29 14:31:45,801 - SA - INFO : com3 open success<<<
2018-08-29 14:32:15,469 - SA - INFO : com3 open success<<<
2018-08-29 14:32:16,144 - SA - INFO : send>>>b'010100'
2018-08-29 14:32:17,147 - SA - INFO : b"bytearray(b'\\x01\\x07TestDev')"
2018-08-29 14:34:15,682 - SA - INFO : com3 open success<<<
2018-08-29 14:34:16,936 - SA - INFO : send>>>b'010100'
2018-08-29 14:34:17,938 - SA - INFO : recv<<<b'010754657374446576'
2018-08-29 14:36:39,412 - SA - INFO : com3 open success<<<
2018-08-29 14:36:40,520 - SA - INFO : send>>>b'010100'
2018-08-29 14:36:41,522 - SA - INFO : recv<<<b'010754657374446576'
2018-08-29 14:36:57,820 - SA - INFO : com3 open success<<<
2018-08-29 14:36:58,681 - SA - INFO : send>>>b'010100'
2018-08-29 14:36:59,683 - SA - INFO : recv<<<b'010754657374446576'
2018-08-29 14:37:10,368 - SA - INFO : send>>>b'010100'
2018-08-29 14:37:11,369 - SA - INFO : recv<<<b'010754657374446576010754657374446576'
2018-08-29 14:37:13,448 - SA - INFO : send>>>b'010100'
2018-08-29 14:37:14,449 - SA - INFO : recv<<<b'010754657374446576010754657374446576010754657374446576'
2018-08-29 14:37:31,793 - SA - INFO : send>>>b'010100'
2018-08-29 14:37:32,794 - SA - INFO : recv<<<b'010754657374446576010754657374446576010754657374446576010754657374446576'
2018-08-29 14:43:38,891 - SA - INFO : com3 open success<<<
2018-08-29 14:43:39,847 - SA - INFO : send>>>b'010100'
2018-08-29 14:43:40,848 - SA - INFO : recv<<<b'010754657374446576'
2018-08-29 14:43:41,919 - SA - INFO : send>>>b'010100'
2018-08-29 14:43:42,921 - SA - INFO : recv<<<b'010754657374446576'
2018-08-29 14:43:43,695 - SA - INFO : send>>>b'010100'
2018-08-29 14:43:44,696 - SA - INFO : recv<<<b'010754657374446576'
2018-08-29 14:43:45,511 - SA - INFO : send>>>b'010100'
2018-08-29 14:43:46,512 - SA - INFO : recv<<<b'010754657374446576'
2018-08-29 14:43:47,207 - SA - INFO : send>>>b'010100'
2018-08-29 14:43:48,209 - SA - INFO : recv<<<b'010754657374446576'
2018-08-29 14:43:50,444 - SA - INFO : send>>>b'010100'
2018-08-29 14:43:51,446 - SA - INFO : recv<<<b'010754657374446576'
2018-08-29 14:43:51,865 - SA - INFO : send>>>b'010100'
2018-08-29 14:43:52,867 - SA - INFO : recv<<<b'010754657374446576'
2018-08-29 14:47:59,546 - SA - INFO : com3 open success<<<
2018-08-29 14:48:00,559 - SA - INFO : send>>>b'010100'
2018-08-29 14:48:01,560 - SA - INFO : recv<<<b'010754657374446576'
2018-08-29 14:48:02,751 - SA - INFO : send>>>b'010100'
2018-08-29 14:48:03,753 - SA - INFO : recv<<<b'010754657374446576'
2018-08-29 14:48:08,935 - SA - INFO : send>>>b'010100'
2018-08-29 14:48:09,936 - SA - INFO : recv<<<b'010754657374446576'
2018-08-29 14:49:31,366 - SA - INFO : com3 open success<<<
2018-08-29 14:49:32,359 - SA - INFO : send>>>b'010100'
2018-08-29 14:49:33,361 - SA - INFO : recv<<<b'010754657374446576'
2018-08-29 14:49:35,724 - SA - INFO : send>>>b'010100'
2018-08-29 14:49:36,725 - SA - INFO : recv<<<b'010754657374446576'
2018-08-29 14:56:45,338 - SA - INFO : com3 open success<<<
2018-08-29 14:56:46,478 - SA - INFO : send>>>b'010100'
2018-08-29 14:56:47,479 - SA - INFO : recv<<<b'010754657374446576'
2018-08-29 14:58:26,345 - SA - INFO : com3 open success<<<
2018-08-29 14:58:27,550 - SA - INFO : send>>>b'010100'
2018-08-29 14:58:28,552 - SA - INFO : recv<<<b'010754657374446576'
2018-08-29 15:00:17,046 - SA - INFO : com3 open success<<<
2018-08-29 15:00:17,806 - SA - INFO : send>>>b'010100'
2018-08-29 15:00:18,807 - SA - INFO : recv<<<b'010754657374446576'
2018-08-29 15:01:45,220 - SA - INFO : com3 open success<<<
2018-08-29 15:01:45,982 - SA - INFO : send>>>b'010100'
2018-08-29 15:01:46,984 - SA - INFO : recv<<<b'010754657374446576'
2018-08-29 15:03:08,831 - SA - INFO : com3 open success<<<
2018-08-29 15:03:09,773 - SA - INFO : send>>>b'010100'
2018-08-29 15:03:10,775 - SA - INFO : recv<<<b'010754657374446576'
2018-08-29 15:04:56,269 - SA - INFO : send>>>b'010100'
2018-08-29 15:04:57,271 - SA - INFO : recv<<<b'010754657374446576'
2018-08-29 15:05:02,357 - SA - INFO : send>>>b'020100'
2018-08-29 15:05:03,358 - SA - INFO : recv<<<b'020100'
2018-08-29 15:05:05,285 - SA - INFO : send>>>b'030100'
2018-08-29 15:05:06,287 - SA - INFO : recv<<<b'030101'
2018-08-29 15:05:16,309 - SA - INFO : send>>>b'040100'
2018-08-29 15:05:17,310 - SA - INFO : recv<<<b'040101'
2018-08-29 15:05:18,757 - SA - INFO : send>>>b'050100'
2018-08-29 15:05:19,759 - SA - INFO : recv<<<b'050100'
2018-08-29 15:05:25,007 - SA - INFO : send>>>b'050100'
2018-08-29 15:05:26,008 - SA - INFO : recv<<<b'050100'
2018-08-29 15:10:31,006 - SA - INFO : com3 open success<<<
2018-08-29 15:13:58,378 - SA - INFO : com3 open success<<<
2018-08-29 15:15:11,938 - SA - INFO : com3 open success<<<
2018-08-29 15:15:12,605 - SA - INFO : send>>>b'010100'
2018-08-29 15:15:13,607 - SA - INFO : recv<<<b'010754657374446576'
2018-08-29 15:15:16,629 - SA - INFO : send>>>b'010100'
2018-08-29 15:15:17,630 - SA - INFO : recv<<<b'010754657374446576'
2018-08-29 15:16:18,558 - SA - INFO : com3 open success<<<
2018-08-29 15:16:19,428 - SA - INFO : send>>>b'010100'
2018-08-29 15:16:20,430 - SA - INFO : recv<<<b'010754657374446576'
2018-08-29 15:16:25,572 - SA - INFO : send>>>b'010100'
2018-08-29 15:16:26,573 - SA - INFO : recv<<<b'010754657374446576'
2018-08-29 15:16:26,724 - SA - INFO : send>>>b'010100'
2018-08-29 15:16:27,573 - SA - INFO : send>>>b'010100'
2018-08-29 15:16:27,726 - SA - INFO : recv<<<b'010754657374446576010754657374446576'
2018-08-29 15:16:28,574 - SA - INFO : recv<<<b'010754657374446576010754657374446576'
2018-08-29 15:18:49,835 - SA - INFO : com3 open success<<<
2018-08-29 15:18:50,916 - SA - INFO : send>>>b'010100'
2018-08-29 15:18:51,918 - SA - INFO : recv<<<b'010754657374446576'
2018-08-29 15:19:50,743 - SA - INFO : com3 open success<<<
2018-08-29 15:22:39,993 - SA - INFO : com3 open fail<<<
2018-08-29 15:22:55,479 - SA - INFO : com3 open success<<<
2018-08-29 15:22:57,468 - SA - INFO : send>>>b'010100'
2018-08-29 15:22:58,469 - SA - INFO : recv<<<b'010754657374446576'
2018-08-29 15:23:01,659 - SA - INFO : send>>>b'010100'
2018-08-29 15:23:02,661 - SA - INFO : recv<<<b'010754657374446576'
2018-08-29 15:23:03,467 - SA - INFO : send>>>b'010100'
2018-08-29 15:23:04,469 - SA - INFO : recv<<<b'010754657374446576'
2018-08-29 15:25:23,822 - SA - INFO : com3 open success<<<
2018-08-29 15:25:25,083 - SA - INFO : send>>>b'010100'
2018-08-29 15:25:26,085 - SA - INFO : recv<<<b'010754657374446576'
2018-08-29 15:25:30,964 - SA - INFO : send>>>b'010100'
2018-08-29 15:25:31,966 - SA - INFO : recv<<<b'010754657374446576'
2018-08-29 15:27:15,926 - SA - INFO : com3 open success<<<
2018-08-29 15:27:16,803 - SA - INFO : send>>>b'010100'
2018-08-29 15:27:17,804 - SA - INFO : recv<<<b'010754657374446576'
2018-08-29 15:28:20,863 - SA - INFO : com3 open success<<<
2018-08-29 15:28:21,701 - SA - INFO : send>>>b'010100'
2018-08-29 15:28:22,703 - SA - INFO : recv<<<b'010754657374446576'
2018-08-29 15:28:25,211 - SA - INFO : send>>>b'010100'
2018-08-29 15:28:26,213 - SA - INFO : recv<<<b'010754657374446576'
2018-08-29 15:28:35,019 - SA - INFO : send>>>b'020100'
2018-08-29 15:28:36,021 - SA - INFO : recv<<<b'020100'
2018-08-29 15:28:36,717 - SA - INFO : send>>>b'020100'
2018-08-29 15:28:37,718 - SA - INFO : recv<<<b'020100'
2018-08-29 15:28:37,820 - SA - INFO : send>>>b'010100'
2018-08-29 15:28:38,822 - SA - INFO : recv<<<b'010754657374446576'
2018-08-29 15:32:25,369 - SA - INFO : com3 open success<<<
2018-08-29 15:32:26,180 - SA - INFO : send>>>b'010100'
2018-08-29 15:32:27,182 - SA - INFO : recv<<<b'010754657374446576'
2018-08-29 15:32:28,484 - SA - INFO : send>>>b'010100'
2018-08-29 15:32:29,485 - SA - INFO : recv<<<b'010754657374446576'
2018-08-29 15:32:30,900 - SA - INFO : send>>>b'020100'
2018-08-29 15:32:31,902 - SA - INFO : recv<<<b'020100'
2018-08-29 15:32:33,460 - SA - INFO : send>>>b'020100'
2018-08-29 15:32:34,462 - SA - INFO : recv<<<b'020100'
2018-08-29 15:32:37,892 - SA - INFO : send>>>b'030100'
2018-08-29 15:32:38,893 - SA - INFO : recv<<<b'030101'
2018-08-29 15:32:40,108 - SA - INFO : send>>>b'040100'
2018-08-29 15:32:41,109 - SA - INFO : recv<<<b'040101'
2018-08-29 15:32:42,853 - SA - INFO : send>>>b'050100'
2018-08-29 15:32:43,855 - SA - INFO : recv<<<b'050100'
2018-08-29 15:32:50,117 - SA - INFO : send>>>b'010100'
2018-08-29 15:32:51,119 - SA - INFO : recv<<<b'010754657374446576'
2018-08-29 15:35:47,716 - SA - INFO : com3 open success<<<
2018-08-29 15:35:48,716 - SA - INFO : send>>>b'010100'
2018-08-29 15:35:49,718 - SA - INFO : recv<<<b'010754657374446576'
2018-08-29 15:35:50,837 - SA - INFO : send>>>b'020100'
2018-08-29 15:35:51,838 - SA - INFO : recv<<<b'020100'
2018-08-29 15:36:03,605 - SA - INFO : send>>>b'030100'
2018-08-29 15:36:04,607 - SA - INFO : recv<<<b'030101'
2018-08-29 15:36:05,692 - SA - INFO : send>>>b'050100'
2018-08-29 15:36:06,693 - SA - INFO : recv<<<b'050100'
2018-08-29 15:36:07,931 - SA - INFO : send>>>b'040100'
2018-08-29 15:36:08,933 - SA - INFO : recv<<<b'040101'
2018-08-29 15:38:16,091 - SA - INFO : com3 open success<<<
2018-08-29 15:38:19,201 - SA - INFO : send>>>b'010100'
2018-08-29 15:38:20,203 - SA - INFO : recv<<<b'010754657374446576'
2018-08-29 15:42:20,952 - SA - INFO : com3 open success<<<
2018-08-29 15:42:24,430 - SA - INFO : send>>>b'040100'
2018-08-29 15:42:25,432 - SA - INFO : recv<<<b'040101'
2018-08-29 15:42:35,606 - SA - INFO : send>>>b'030100'
2018-08-29 15:42:36,607 - SA - INFO : recv<<<b'030101'
2018-08-29 15:42:41,348 - SA - INFO : send>>>b'020100'
2018-08-29 15:42:42,349 - SA - INFO : recv<<<b'020100'
2018-08-29 15:42:46,390 - SA - INFO : send>>>b'050100'
2018-08-29 15:42:47,392 - SA - INFO : recv<<<b'050100'
2018-08-29 15:42:54,125 - SA - INFO : send>>>b'010100'
2018-08-29 15:42:55,126 - SA - INFO : recv<<<b'010754657374446576'
2018-08-29 15:42:57,509 - SA - INFO : send>>>b'020100'
2018-08-29 15:42:58,511 - SA - INFO : recv<<<b'020100'
2018-08-29 15:42:59,325 - SA - INFO : send>>>b'040100'
2018-08-29 15:43:00,327 - SA - INFO : recv<<<b'040101'
2018-08-29 15:43:00,549 - SA - INFO : send>>>b'050100'
2018-08-29 15:43:01,550 - SA - INFO : recv<<<b'050100'
2018-08-29 15:43:02,413 - SA - INFO : send>>>b'010100'
2018-08-29 15:43:03,415 - SA - INFO : recv<<<b'010754657374446576'
2018-08-29 15:43:08,772 - SA - INFO : send>>>b'020100'
2018-08-29 15:43:09,775 - SA - INFO : recv<<<b'020100'
2018-08-29 15:43:10,340 - SA - INFO : send>>>b'010100'
2018-08-29 15:43:11,342 - SA - INFO : recv<<<b'010754657374446576'
2018-08-29 15:43:15,024 - SA - INFO : com3 open success<<<
2018-08-29 15:44:01,063 - SA - INFO : com3 open success<<<
2018-08-29 15:44:04,318 - SA - INFO : send>>>b'020100'
2018-08-29 15:44:05,319 - SA - INFO : recv<<<b'020100'
2018-08-29 15:44:09,901 - SA - INFO : send>>>b'030100'
2018-08-29 15:44:10,903 - SA - INFO : recv<<<b'030101'
2018-08-29 15:54:25,109 - SA - INFO : com3 open success<<<
2018-08-29 15:54:27,484 - SA - INFO : send>>>b'010100'
2018-08-29 15:54:28,486 - SA - INFO : recv<<<b'010754657374446576'
2018-08-29 15:54:29,612 - SA - INFO : send>>>b'020100'
2018-08-29 15:54:30,615 - SA - INFO : recv<<<b'020100'
2018-08-29 15:54:31,716 - SA - INFO : send>>>b'030100'
2018-08-29 15:54:32,718 - SA - INFO : recv<<<b'030101'
2018-08-29 15:54:33,580 - SA - INFO : send>>>b'040100'
2018-08-29 15:54:34,582 - SA - INFO : recv<<<b'040101'
2018-08-29 15:54:35,652 - SA - INFO : send>>>b'050100'
2018-08-29 15:54:36,655 - SA - INFO : recv<<<b'050100'
2018-08-29 15:54:37,820 - SA - INFO : send>>>b'040100'
2018-08-29 15:54:38,822 - SA - INFO : recv<<<b'040101'
2018-08-29 15:54:39,429 - SA - INFO : send>>>b'030100'
2018-08-29 15:54:40,431 - SA - INFO : recv<<<b'030101'
2018-08-29 16:02:39,761 - SA - INFO : com3 open success<<<
2018-08-29 16:02:40,858 - SA - INFO : send>>>b'010100'
2018-08-29 16:02:41,860 - SA - INFO : recv<<<b'010754657374446576'
2018-08-29 16:02:42,308 - SA - INFO : send>>>b'010100'
2018-08-29 16:02:43,310 - SA - INFO : recv<<<b'010754657374446576'
2018-08-29 16:02:43,803 - SA - INFO : send>>>b'010100'
2018-08-29 16:02:44,805 - SA - INFO : recv<<<b'010754657374446576'
2018-08-29 16:02:45,187 - SA - INFO : send>>>b'010100'
2018-08-29 16:02:46,189 - SA - INFO : recv<<<b'010754657374446576'
2018-08-29 16:02:46,458 - SA - INFO : send>>>b'010100'
2018-08-29 16:02:47,460 - SA - INFO : recv<<<b'010754657374446576'
2018-08-29 16:02:47,898 - SA - INFO : send>>>b'010100'
2018-08-29 16:02:48,900 - SA - INFO : recv<<<b'010754657374446576'
2018-08-29 16:02:49,458 - SA - INFO : send>>>b'010100'
2018-08-29 16:02:50,460 - SA - INFO : recv<<<b'010754657374446576'
2018-08-29 16:02:52,580 - SA - INFO : send>>>b'010100'
2018-08-29 16:02:53,581 - SA - INFO : recv<<<b'010754657374446576'
2018-08-29 16:02:54,107 - SA - INFO : send>>>b'020100'
2018-08-29 16:02:55,109 - SA - INFO : recv<<<b'020100'
2018-08-29 16:05:16,371 - SA - INFO : com3 open success<<<
2018-08-29 16:05:17,347 - SA - INFO : send>>>b'010100'
2018-08-29 16:05:18,348 - SA - INFO : recv<<<b'010754657374446576'
2018-08-29 16:05:18,738 - SA - INFO : send>>>b'010100'
2018-08-29 16:05:19,740 - SA - INFO : recv<<<b'010754657374446576'
2018-08-29 16:05:20,131 - SA - INFO : send>>>b'010100'
2018-08-29 16:05:21,132 - SA - INFO : recv<<<b'010754657374446576'
2018-08-29 16:05:21,530 - SA - INFO : send>>>b'010100'
2018-08-29 16:05:22,532 - SA - INFO : recv<<<b'010754657374446576'
2018-08-29 16:05:22,900 - SA - INFO : send>>>b'010100'
2018-08-29 16:05:23,901 - SA - INFO : recv<<<b'010754657374446576'
2018-08-29 16:05:24,299 - SA - INFO : send>>>b'010100'
2018-08-29 16:05:25,301 - SA - INFO : recv<<<b'010754657374446576'
2018-08-29 16:05:25,731 - SA - INFO : send>>>b'010100'
2018-08-29 16:05:26,733 - SA - INFO : recv<<<b'010754657374446576'
2018-08-29 16:05:27,138 - SA - INFO : send>>>b'010100'
2018-08-29 16:05:28,140 - SA - INFO : recv<<<b'010754657374446576'
2018-08-29 16:05:28,474 - SA - INFO : send>>>b'010100'
2018-08-29 16:05:29,476 - SA - INFO : recv<<<b'010754657374446576'
2018-08-29 16:07:53,624 - SA - INFO : com3 open success<<<
2018-08-29 16:07:55,235 - SA - INFO : send>>>b'010100'
2018-08-29 16:07:56,237 - SA - INFO : recv<<<b'010754657374446576'
2018-08-29 16:07:57,098 - SA - INFO : send>>>b'010100'
2018-08-29 16:07:58,099 - SA - INFO : recv<<<b'010754657374446576'
2018-08-29 16:07:58,586 - SA - INFO : send>>>b'010100'
2018-08-29 16:07:59,588 - SA - INFO : recv<<<b'010754657374446576'
2018-08-29 16:07:59,954 - SA - INFO : send>>>b'010100'
2018-08-29 16:08:00,956 - SA - INFO : recv<<<b'010754657374446576'
2018-08-29 16:08:01,100 - SA - INFO : send>>>b'010100'
2018-08-29 16:08:02,101 - SA - INFO : recv<<<b'010754657374446576'
2018-08-29 16:08:02,450 - SA - INFO : send>>>b'010100'
2018-08-29 16:08:03,451 - SA - INFO : recv<<<b'010754657374446576'
2018-08-29 16:08:03,915 - SA - INFO : send>>>b'010100'
2018-08-29 16:08:04,917 - SA - INFO : recv<<<b'010754657374446576'
2018-08-29 16:08:05,651 - SA - INFO : send>>>b'010100'
2018-08-29 16:08:06,666 - SA - INFO : recv<<<b'010754657374446576'
2018-08-29 16:08:19,130 - SA - INFO : com3 open success<<<
2018-08-29 16:08:20,506 - SA - INFO : send>>>b'010100'
2018-08-29 16:08:21,508 - SA - INFO : recv<<<b'010754657374446576'
2018-08-29 16:08:21,810 - SA - INFO : send>>>b'010100'
2018-08-29 16:08:22,814 - SA - INFO : recv<<<b'010754657374446576'
2018-08-29 16:08:23,300 - SA - INFO : send>>>b'010100'
2018-08-29 16:08:24,301 - SA - INFO : recv<<<b'010754657374446576'
2018-08-29 16:08:24,490 - SA - INFO : send>>>b'010100'
2018-08-29 16:08:25,492 - SA - INFO : recv<<<b'010754657374446576'
2018-08-29 16:08:25,922 - SA - INFO : send>>>b'010100'
2018-08-29 16:08:26,924 - SA - INFO : recv<<<b'010754657374446576'
2018-08-29 16:08:27,420 - SA - INFO : send>>>b'010100'
2018-08-29 16:08:28,422 - SA - INFO : recv<<<b'010754657374446576'
2018-08-29 16:08:28,611 - SA - INFO : send>>>b'010100'
2018-08-29 16:08:29,613 - SA - INFO : recv<<<b'010754657374446576'
2018-08-29 16:08:31,467 - SA - INFO : send>>>b'010100'
2018-08-29 16:08:32,469 - SA - INFO : recv<<<b'010754657374446576'
2018-08-29 16:10:47,638 - SA - INFO : com3 open success<<<
2018-08-29 16:10:48,507 - SA - INFO : send>>>b'010100'
2018-08-29 16:10:49,508 - SA - INFO : recv<<<b'010754657374446576'
2018-08-29 16:13:30,615 - SA - INFO : com3 open success<<<
2018-08-29 16:13:31,803 - SA - INFO : send>>>b'010100'
2018-08-29 16:13:32,804 - SA - INFO : recv<<<b'010754657374446576'
2018-08-29 16:13:33,330 - SA - INFO : send>>>b'010100'
2018-08-29 16:13:34,332 - SA - INFO : recv<<<b'010754657374446576'
2018-08-29 16:13:35,603 - SA - INFO : send>>>b'010100'
2018-08-29 16:13:36,604 - SA - INFO : recv<<<b'010754657374446576'
2018-08-29 16:13:37,138 - SA - INFO : send>>>b'010100'
2018-08-29 16:13:38,140 - SA - INFO : recv<<<b'010754657374446576'
2018-08-29 16:13:38,603 - SA - INFO : send>>>b'010100'
2018-08-29 16:13:39,605 - SA - INFO : recv<<<b'010754657374446576'
2018-08-29 16:13:40,026 - SA - INFO : send>>>b'010100'
2018-08-29 16:13:41,027 - SA - INFO : recv<<<b'010754657374446576'
2018-08-29 16:13:44,186 - SA - INFO : send>>>b'010100'
2018-08-29 16:13:45,189 - SA - INFO : recv<<<b'010754657374446576'
2018-08-29 16:13:45,635 - SA - INFO : send>>>b'010100'
2018-08-29 16:13:46,636 - SA - INFO : recv<<<b'010754657374446576'
2018-08-29 16:13:47,091 - SA - INFO : send>>>b'020100'
2018-08-29 16:13:48,092 - SA - INFO : recv<<<b'020100'
2018-08-29 16:13:48,610 - SA - INFO : send>>>b'030100'
2018-08-29 16:13:49,613 - SA - INFO : recv<<<b'030101'
2018-08-29 16:18:05,452 - SA - INFO : com3 open success<<<
2018-08-29 16:18:06,307 - SA - INFO : send>>>b'030100'
2018-08-29 16:18:07,309 - SA - INFO : recv<<<b'030101'
2018-08-29 16:18:08,154 - SA - INFO : send>>>b'040100'
2018-08-29 16:18:09,156 - SA - INFO : recv<<<b'040101'
2018-08-29 16:18:10,146 - SA - INFO : send>>>b'050100'
2018-08-29 16:18:11,147 - SA - INFO : recv<<<b'050100'
2018-08-29 16:18:11,994 - SA - INFO : send>>>b'020100'
2018-08-29 16:18:12,996 - SA - INFO : recv<<<b'020100'
2018-08-29 16:18:17,018 - SA - INFO : send>>>b'010100'
2018-08-29 16:18:18,020 - SA - INFO : recv<<<b'010754657374446576'
2018-08-29 16:23:58,319 - SA - INFO : com3 open success<<<
2018-08-29 16:24:05,641 - SA - INFO : send>>>b'010100'
2018-08-29 16:24:43,830 - SA - INFO : com3 open success<<<
2018-08-29 16:24:47,994 - SA - INFO : send>>>b'010100'
2018-08-29 16:24:48,995 - SA - INFO : recv<<<b'010754657374446576'
2018-08-29 16:24:49,673 - SA - INFO : send>>>b'010100'
2018-08-29 16:24:50,675 - SA - INFO : recv<<<b'010754657374446576'
2018-08-29 16:24:51,200 - SA - INFO : send>>>b'010100'
2018-08-29 16:24:52,202 - SA - INFO : recv<<<b'010754657374446576'
2018-08-29 16:24:52,618 - SA - INFO : send>>>b'010100'
2018-08-29 16:24:53,619 - SA - INFO : recv<<<b'010754657374446576'
2018-08-29 16:24:53,769 - SA - INFO : send>>>b'010100'
2018-08-29 16:24:54,771 - SA - INFO : recv<<<b'010754657374446576'
2018-08-29 16:24:54,960 - SA - INFO : send>>>b'010100'
2018-08-29 16:24:55,961 - SA - INFO : recv<<<b'010754657374446576'
2018-08-29 16:24:56,666 - SA - INFO : send>>>b'020100'
2018-08-29 16:24:57,667 - SA - INFO : recv<<<b'020100'
2018-08-29 16:25:36,725 - SA - INFO : com3 open success<<<
2018-08-29 16:25:38,810 - SA - INFO : send>>>b'010100'
2018-08-29 16:25:39,811 - SA - INFO : recv<<<b'010754657374446576'
2018-08-29 16:25:40,370 - SA - INFO : send>>>b'030100'
2018-08-29 16:25:41,371 - SA - INFO : recv<<<b'030101'
2018-08-29 16:25:42,210 - SA - INFO : send>>>b'020100'
2018-08-29 16:25:43,211 - SA - INFO : recv<<<b'020100'
2018-08-29 16:25:43,747 - SA - INFO : send>>>b'040100'
2018-08-29 16:25:44,749 - SA - INFO : recv<<<b'040101'
2018-08-29 16:25:45,986 - SA - INFO : send>>>b'040100'
2018-08-29 16:25:46,987 - SA - INFO : recv<<<b'040101'
2018-08-29 16:25:47,274 - SA - INFO : send>>>b'030100'
2018-08-29 16:25:48,276 - SA - INFO : recv<<<b'030101'
2018-08-29 16:25:48,729 - SA - INFO : send>>>b'020100'
2018-08-29 16:25:49,731 - SA - INFO : recv<<<b'020100'
2018-08-29 16:26:41,931 - SA - INFO : com3 open success<<<
2018-08-29 16:27:02,171 - SA - INFO : com3 open success<<<
2018-08-29 16:29:15,439 - SA - INFO : com3 open success<<<
2018-08-29 16:29:17,273 - SA - INFO : send>>>b'010100'
2018-08-29 16:29:18,275 - SA - INFO : recv<<<b'010754657374446576'
2018-08-29 16:29:19,329 - SA - INFO : send>>>b'030100'
2018-08-29 16:29:20,331 - SA - INFO : recv<<<b'030101'
2018-08-29 16:29:20,858 - SA - INFO : send>>>b'040100'
2018-08-29 16:29:21,859 - SA - INFO : recv<<<b'040101'
2018-08-29 16:29:22,241 - SA - INFO : send>>>b'050100'
2018-08-29 16:29:23,244 - SA - INFO : recv<<<b'050100'
2018-08-29 16:29:23,673 - SA - INFO : send>>>b'040100'
2018-08-29 16:29:24,673 - SA - INFO : recv<<<b'040101'
2018-08-29 16:29:25,025 - SA - INFO : send>>>b'030100'
2018-08-29 16:29:26,027 - SA - INFO : recv<<<b'030101'
2018-08-29 16:29:38,153 - SA - INFO : send>>>b'040100'
2018-08-29 16:29:39,154 - SA - INFO : recv<<<b'040101'
2018-08-29 16:29:39,545 - SA - INFO : send>>>b'010100'
2018-08-29 16:29:40,547 - SA - INFO : recv<<<b'010754657374446576'
2018-08-29 16:32:48,168 - SA - INFO : com3 open success<<<
2018-08-29 16:32:49,207 - SA - INFO : send>>>b'010100'
2018-08-29 16:32:50,208 - SA - INFO : recv<<<b'010754657374446576'
2018-08-29 16:34:04,481 - SA - INFO : com3 open success<<<
2018-08-29 16:34:05,583 - SA - INFO : send>>>b'010100'
2018-08-29 16:34:06,585 - SA - INFO : recv<<<b'010754657374446576'
2018-08-29 16:34:07,321 - SA - INFO : send>>>b'030100'
2018-08-29 16:34:08,322 - SA - INFO : recv<<<b'030101'
2018-08-29 16:34:09,000 - SA - INFO : send>>>b'030100'
2018-08-29 16:34:10,002 - SA - INFO : recv<<<b'030101'
2018-08-29 16:34:10,385 - SA - INFO : send>>>b'050100'
2018-08-29 16:34:11,387 - SA - INFO : recv<<<b'050100'
2018-08-29 16:34:11,634 - SA - INFO : send>>>b'030100'
2018-08-29 16:34:12,635 - SA - INFO : recv<<<b'030101'
2018-08-29 16:34:12,808 - SA - INFO : send>>>b'040100'
2018-08-29 16:34:13,809 - SA - INFO : recv<<<b'040101'
2018-08-29 16:34:14,576 - SA - INFO : send>>>b'020100'
2018-08-29 16:34:15,579 - SA - INFO : recv<<<b'020100'
2018-08-29 16:34:17,224 - SA - INFO : send>>>b'010100'
2018-08-29 16:34:18,226 - SA - INFO : recv<<<b'010754657374446576'
2018-08-29 16:34:18,856 - SA - INFO : send>>>b'010100'
2018-08-29 16:34:19,857 - SA - INFO : recv<<<b'010754657374446576'
2018-08-29 16:34:23,936 - SA - INFO : send>>>b'020100'
2018-08-29 16:34:24,938 - SA - INFO : recv<<<b'020100'
2018-08-29 16:36:11,265 - SA - INFO : com3 open success<<<
2018-08-29 16:36:12,446 - SA - INFO : send>>>b'010100'
2018-08-29 16:36:13,449 - SA - INFO : recv<<<b'010754657374446576'
2018-08-29 16:38:22,850 - SA - INFO : com3 open success<<<
2018-08-29 16:38:24,047 - SA - INFO : send>>>b'010100'
2018-08-29 16:38:25,048 - SA - INFO : recv<<<b'010754657374446576'
2018-08-29 16:38:26,273 - SA - INFO : send>>>b'030100'
2018-08-29 16:38:27,275 - SA - INFO : recv<<<b'030101'
2018-08-29 16:38:27,816 - SA - INFO : send>>>b'040100'
2018-08-29 16:38:28,818 - SA - INFO : recv<<<b'040101'
2018-08-29 16:38:29,201 - SA - INFO : send>>>b'040100'
2018-08-29 16:38:30,202 - SA - INFO : recv<<<b'040101'
2018-08-29 16:38:30,592 - SA - INFO : send>>>b'040100'
2018-08-29 16:38:31,594 - SA - INFO : recv<<<b'040101'
2018-08-29 16:38:31,993 - SA - INFO : send>>>b'030100'
2018-08-29 16:38:32,994 - SA - INFO : recv<<<b'030101'
2018-08-29 16:38:34,025 - SA - INFO : send>>>b'010100'
2018-08-29 16:38:35,026 - SA - INFO : recv<<<b'010754657374446576'
2018-08-29 16:38:36,200 - SA - INFO : send>>>b'030100'
2018-08-29 16:38:37,202 - SA - INFO : recv<<<b'030101'
2018-08-29 16:38:43,031 - SA - INFO : send>>>b'010100'
2018-08-29 16:38:44,033 - SA - INFO : recv<<<b'010754657374446576'
2018-08-29 16:40:09,537 - SA - INFO : com3 open success<<<
2018-08-29 16:40:10,888 - SA - INFO : send>>>b'010100'
2018-08-29 16:40:11,890 - SA - INFO : recv<<<b'010754657374446576'
2018-08-29 16:40:12,687 - SA - INFO : send>>>b'020100'
2018-08-29 16:40:13,689 - SA - INFO : recv<<<b'020100'
2018-08-29 16:40:14,184 - SA - INFO : send>>>b'030100'
2018-08-29 16:40:15,187 - SA - INFO : recv<<<b'030101'
2018-08-29 16:40:15,624 - SA - INFO : send>>>b'040100'
2018-08-29 16:40:16,627 - SA - INFO : recv<<<b'040101'
2018-08-29 16:40:17,024 - SA - INFO : send>>>b'050100'
2018-08-29 16:40:18,026 - SA - INFO : recv<<<b'050100'
2018-08-29 16:40:20,488 - SA - INFO : send>>>b'040100'
2018-08-29 16:40:21,490 - SA - INFO : recv<<<b'040101'
2018-08-29 16:40:22,200 - SA - INFO : send>>>b'020100'
2018-08-29 16:40:23,203 - SA - INFO : recv<<<b'020100'
2018-08-29 16:40:23,681 - SA - INFO : send>>>b'030100'
2018-08-29 16:40:24,684 - SA - INFO : recv<<<b'030101'
2018-08-29 16:40:25,352 - SA - INFO : send>>>b'030100'
2018-08-29 16:40:26,356 - SA - INFO : recv<<<b'030101'
2018-08-29 16:41:20,289 - SA - INFO : com3 open success<<<
2018-08-29 16:41:21,369 - SA - INFO : send>>>b'010100'
2018-08-29 16:41:22,370 - SA - INFO : recv<<<b'010754657374446576'
2018-08-29 16:41:23,488 - SA - INFO : send>>>b'020100'
2018-08-29 16:41:24,491 - SA - INFO : recv<<<b'020100'
2018-08-29 16:41:46,197 - SA - INFO : com3 open success<<<
2018-08-29 16:41:47,151 - SA - INFO : send>>>b'010100'
2018-08-29 16:41:48,154 - SA - INFO : recv<<<b'010754657374446576'
2018-08-29 16:41:48,848 - SA - INFO : send>>>b'020100'
2018-08-29 16:41:49,851 - SA - INFO : recv<<<b'020100'
2018-08-29 16:41:50,249 - SA - INFO : send>>>b'030100'
2018-08-29 16:41:51,250 - SA - INFO : recv<<<b'030101'
2018-08-29 16:41:51,928 - SA - INFO : send>>>b'020100'
2018-08-29 16:41:52,931 - SA - INFO : recv<<<b'020100'
2018-08-29 16:41:53,688 - SA - INFO : send>>>b'040100'
2018-08-29 16:41:54,691 - SA - INFO : recv<<<b'040101'
2018-08-29 16:41:55,673 - SA - INFO : send>>>b'050100'
2018-08-29 16:41:56,676 - SA - INFO : recv<<<b'050100'
2018-08-29 16:41:57,784 - SA - INFO : send>>>b'040100'
2018-08-29 16:41:58,785 - SA - INFO : recv<<<b'040101'
2018-08-29 16:41:59,753 - SA - INFO : send>>>b'030100'
2018-08-29 16:42:00,756 - SA - INFO : recv<<<b'030101'
2018-08-29 16:42:02,160 - SA - INFO : send>>>b'030100'
2018-08-29 16:42:03,162 - SA - INFO : recv<<<b'030101'
2018-08-29 16:46:50,194 - SA - INFO : com3 open success<<<
2018-08-29 16:46:52,287 - SA - INFO : send>>>b'010100'
2018-08-29 16:46:53,289 - SA - INFO : recv<<<b'010754657374446576'
2018-08-29 16:46:54,226 - SA - INFO : send>>>b'020100'
2018-08-29 16:46:55,230 - SA - INFO : recv<<<b'020100'
2018-08-29 16:47:02,073 - SA - INFO : send>>>b'030100'
2018-08-29 16:47:03,075 - SA - INFO : recv<<<b'030101'
2018-08-29 16:47:09,231 - SA - INFO : send>>>b'040100'
2018-08-29 16:47:10,233 - SA - INFO : recv<<<b'040101'
2018-08-29 16:47:18,032 - SA - INFO : send>>>b'050100'
2018-08-29 16:47:19,034 - SA - INFO : recv<<<b'050100'
2018-08-29 16:47:38,454 - SA - INFO : send>>>b'020100'
2018-08-29 16:47:39,459 - SA - INFO : recv<<<b'020101'
2018-08-29 16:47:41,079 - SA - INFO : send>>>b'020100'
2018-08-29 16:47:42,081 - SA - INFO : recv<<<b'020101'
2018-08-29 16:51:11,504 - SA - INFO : com3 open success<<<
2018-08-29 16:51:17,039 - SA - INFO : send>>>b'030100'
2018-08-29 16:51:18,041 - SA - INFO : recv<<<b'030101'
2018-08-29 16:51:20,376 - SA - INFO : send>>>b'040100'
2018-08-29 16:51:21,377 - SA - INFO : recv<<<b'040101'
2018-08-29 16:51:33,560 - SA - INFO : send>>>b'030100'
2018-08-29 16:51:34,562 - SA - INFO : recv<<<b'030101'
2018-08-29 16:51:40,032 - SA - INFO : send>>>b'040100'
2018-08-29 16:51:41,035 - SA - INFO : recv<<<b'040101'
2018-08-29 16:51:46,631 - SA - INFO : send>>>b'030100'
2018-08-29 16:51:47,635 - SA - INFO : recv<<<b'030101'
2018-08-29 16:51:49,215 - SA - INFO : send>>>b'040100'
2018-08-29 16:51:50,220 - SA - INFO : recv<<<b'040101'
2018-08-29 16:52:33,510 - SA - INFO : com3 open success<<<
2018-08-29 16:52:49,408 - SA - INFO : com3 open success<<<
2018-08-29 16:54:49,062 - SA - INFO : com3 open success<<<
2018-08-29 16:54:50,615 - SA - INFO : send>>>b'010100'
2018-08-29 16:54:51,617 - SA - INFO : recv<<<b'010754657374446576'
2018-08-29 16:54:52,776 - SA - INFO : send>>>b'020100'
2018-08-29 16:54:53,778 - SA - INFO : recv<<<b'020101'
2018-08-29 16:54:54,809 - SA - INFO : send>>>b'030101'
2018-08-29 16:54:55,810 - SA - INFO : recv<<<b'030101'
2018-08-29 16:54:57,063 - SA - INFO : send>>>b'030100'
2018-08-29 16:54:58,065 - SA - INFO : recv<<<b'030101'
2018-08-29 16:55:00,583 - SA - INFO : send>>>b'040100'
2018-08-29 16:55:01,584 - SA - INFO : recv<<<b'040101'
2018-08-29 16:55:02,744 - SA - INFO : send>>>b'050100'
2018-08-29 16:55:03,746 - SA - INFO : recv<<<b'050100'
2018-08-30 10:01:50,475 - SA - INFO : com3 open success<<<
2018-08-30 10:03:07,474 - SA - INFO : com3 open success<<<
2018-08-30 10:03:08,662 - SA - INFO : send>>>b'010100'
2018-08-30 10:03:09,663 - SA - INFO : recv<<<b'010754657374446576'
2018-08-30 10:03:48,257 - SA - INFO : com3 open success<<<
2018-08-30 10:03:49,349 - SA - INFO : send>>>010100
2018-08-30 10:03:50,352 - SA - INFO : recv<<<b'010754657374446576'
2018-08-30 10:05:07,365 - SA - INFO : com3 open success<<<
2018-08-30 10:05:08,534 - SA - INFO : send>>>010100
2018-08-30 10:05:09,535 - SA - INFO : recv<<<010754657374446576
2018-08-30 10:05:10,838 - SA - INFO : send>>>010100
2018-08-30 10:05:11,840 - SA - INFO : recv<<<010754657374446576
2018-08-30 10:05:12,622 - SA - INFO : send>>>010100
2018-08-30 10:05:13,623 - SA - INFO : recv<<<010754657374446576
2018-08-30 10:05:14,317 - SA - INFO : send>>>010100
2018-08-30 10:05:15,320 - SA - INFO : recv<<<010754657374446576
2018-08-30 10:05:15,766 - SA - INFO : send>>>010100
2018-08-30 10:05:16,768 - SA - INFO : recv<<<010754657374446576
2018-08-30 10:05:17,190 - SA - INFO : send>>>010100
2018-08-30 10:05:18,192 - SA - INFO : recv<<<010754657374446576
2018-08-30 10:05:19,223 - SA - INFO : send>>>020100
2018-08-30 10:05:20,226 - SA - INFO : recv<<<020100
2018-08-30 10:05:21,320 - SA - INFO : send>>>030101
2018-08-30 10:05:22,323 - SA - INFO : recv<<<030101
2018-08-30 10:05:22,854 - SA - INFO : send>>>030100
2018-08-30 10:05:23,856 - SA - INFO : recv<<<030101
2018-08-30 10:05:24,887 - SA - INFO : send>>>040100
2018-08-30 10:05:25,889 - SA - INFO : recv<<<040101
2018-08-30 10:05:27,062 - SA - INFO : send>>>050100
2018-08-30 10:05:28,065 - SA - INFO : recv<<<050100
2018-08-30 11:00:32,367 - SA - INFO : com3 open success<<<
2018-08-30 11:01:40,043 - SA - INFO : com3 open success<<<
2018-08-30 11:02:38,012 - SA - INFO : com3 open success<<<
2018-08-30 11:02:40,259 - SA - INFO : send>>>010100
2018-08-30 11:02:41,261 - SA - INFO : recv<<<010754657374446576
2018-08-30 11:02:42,196 - SA - INFO : send>>>010100
2018-08-30 11:02:43,198 - SA - INFO : recv<<<010754657374446576
2018-08-30 11:02:56,795 - SA - INFO : com3 open success<<<
2018-08-30 11:02:59,170 - SA - INFO : send>>>010100
2018-08-30 11:03:00,171 - SA - INFO : recv<<<010754657374446576
2018-08-30 11:03:08,161 - SA - INFO : com3 open success<<<
2018-08-30 11:03:25,059 - SA - INFO : send>>>010100
2018-08-30 11:03:26,061 - SA - INFO : recv<<<010754657374446576
2018-08-30 11:03:26,450 - SA - INFO : send>>>010100
2018-08-30 11:03:27,452 - SA - INFO : recv<<<010754657374446576
2018-08-30 11:03:29,123 - SA - INFO : send>>>040100
2018-08-30 11:03:30,124 - SA - INFO : recv<<<040101
2018-08-30 11:03:30,850 - SA - INFO : send>>>020100
2018-08-30 11:03:31,852 - SA - INFO : recv<<<020100
2018-08-30 11:03:32,261 - SA - INFO : send>>>030101
2018-08-30 11:03:33,262 - SA - INFO : recv<<<030101
2018-08-30 11:03:33,585 - SA - INFO : send>>>030100
2018-08-30 11:03:34,588 - SA - INFO : recv<<<030101
2018-08-30 11:03:34,946 - SA - INFO : send>>>050100
2018-08-30 11:03:35,947 - SA - INFO : recv<<<050100
